<?xml version="1.0" encoding="UTF-8"?>
<!-- Generated by org.testng.reporters.JUnitReportReporter -->
<testsuite hostname="Abhilash" failures="0" tests="1" name="AmztestCASES.Sample" time="10.805" errors="0" timestamp="2024-09-21T13:33:25 IST" skipped="0">
  <testcase classname="AmztestCASES.Sample" name="sample1" time="10.805"/>
  <system-out>
    <![CDATA[TestCASE is Passed]]>
  </system-out>
</testsuite> <!-- AmztestCASES.Sample -->
