<?xml version="1.0" encoding="UTF-8"?>
<!-- Generated by org.testng.reporters.JUnitReportReporter -->
<testsuite hostname="Abhilash" failures="0" tests="1" name="AmztestCASES.AZTC07_ProductDetailsValidatation" time="19.474" errors="0" timestamp="2024-09-07T18:42:12 IST" skipped="0">
  <testcase classname="AmztestCASES.AZTC07_ProductDetailsValidatation" name="PDetails" time="19.474"/>
  <system-out>
    <![CDATA[TestCASE is Passed]]>
  </system-out>
</testsuite> <!-- AmztestCASES.AZTC07_ProductDetailsValidatation -->
