<?xml version="1.0" encoding="UTF-8"?>
<!-- Generated by org.testng.reporters.JUnitReportReporter -->
<testsuite hostname="Abhilash" failures="0" tests="1" name="AmztestCASES.AZTC_01LoginCorrectCredientials" time="21.132" errors="0" timestamp="2024-09-03T23:47:53 IST" skipped="0">
  <testcase classname="AmztestCASES.AZTC_01LoginCorrectCredientials" name="test1" time="21.132"/>
  <system-out>
    <![CDATA[TestCASE is Passed]]>
  </system-out>
</testsuite> <!-- AmztestCASES.AZTC_01LoginCorrectCredientials -->
