<?xml version="1.0" encoding="UTF-8"?>
<!-- Generated by org.testng.reporters.JUnitReportReporter -->
<testsuite hostname="Abhilash" failures="0" tests="1" name="AmztestCASES.AZTC_06SeletProduct" time="9.239" errors="0" timestamp="2024-09-03T12:20:42 IST" skipped="0">
  <testcase classname="AmztestCASES.AZTC_06SeletProduct" name="SelectProduct" time="9.239"/>
  <system-out/>
</testsuite> <!-- AmztestCASES.AZTC_06SeletProduct -->
