<?xml version="1.0" encoding="UTF-8"?>
<!-- Generated by org.testng.reporters.JUnitReportReporter -->
<testsuite hostname="Abhilash" failures="0" tests="1" name="AmztestCASES.AZTC_12PaymentPage" time="59.719" errors="0" timestamp="2024-09-24T12:45:20 IST" skipped="0">
  <testcase classname="AmztestCASES.AZTC_12PaymentPage" name="payment" time="59.719"/>
  <system-out>
    <![CDATA[TestCASE is Passed]]>
  </system-out>
</testsuite> <!-- AmztestCASES.AZTC_12PaymentPage -->
