<?xml version="1.0" encoding="UTF-8"?>
<!-- Generated by org.testng.reporters.JUnitReportReporter -->
<testsuite hostname="Abhilash" failures="0" tests="3" name="AmztestCASES.AmazonCrossBrowsingTesting" time="86.902" errors="0" timestamp="2024-09-17T12:16:02 IST" skipped="0">
  <testcase classname="AmztestCASES.AmazonCrossBrowsingTesting" name="AirLineParallelTesting" time="32.270"/>
  <system-out/>
  <testcase classname="AmztestCASES.AmazonCrossBrowsingTesting" name="AirLineParallelTesting" time="29.910"/>
  <system-out/>
  <testcase classname="AmztestCASES.AmazonCrossBrowsingTesting" name="AirLineParallelTesting" time="24.722"/>
  <system-out/>
</testsuite> <!-- AmztestCASES.AmazonCrossBrowsingTesting -->
