<?xml version="1.0" encoding="UTF-8"?>
<!-- Generated by org.testng.reporters.JUnitReportReporter -->
<testsuite hostname="Abhilash" failures="0" tests="2" name="AmztestCASES.AZTC_15ReachCart" time="42.091" errors="0" timestamp="2024-09-24T12:49:00 IST" skipped="1">
  <testcase classname="AmztestCASES.AZTC_15ReachCart" name="ReachCart" time="18.415">
    <skipped/>
  </testcase> <!-- ReachCart -->
  <system-out/>
  <testcase classname="AmztestCASES.AZTC_15ReachCart" name="ReachCart" time="23.676"/>
  <system-out>
    <![CDATA[TestCASE is Passed]]>
  </system-out>
</testsuite> <!-- AmztestCASES.AZTC_15ReachCart -->
