<?xml version="1.0" encoding="UTF-8"?>
<!-- Generated by org.testng.reporters.JUnitReportReporter -->
<testsuite hostname="Abhilash" failures="0" tests="1" name="AmztestCASES.AZTC_08ProductSorting" time="28.956" errors="0" timestamp="2024-09-24T12:37:40 IST" skipped="0">
  <testcase classname="AmztestCASES.AZTC_08ProductSorting" name="sort" time="28.956"/>
  <system-out>
    <![CDATA[TestCASE is Passed]]>
  </system-out>
</testsuite> <!-- AmztestCASES.AZTC_08ProductSorting -->
