<?xml version="1.0" encoding="UTF-8"?>
<!-- Generated by org.testng.reporters.JUnitReportReporter -->
<testsuite hostname="Abhilash" failures="0" tests="1" name="AmztestCASES.AZTC_01NewRegistration" time="20.396" errors="0" timestamp="2024-09-24T11:33:24 IST" skipped="0">
  <testcase classname="AmztestCASES.AZTC_01NewRegistration" name="testacase02" time="20.396"/>
  <system-out>
    <![CDATA[TestCASE is Passed]]>
  </system-out>
</testsuite> <!-- AmztestCASES.AZTC_01NewRegistration -->
