<?xml version="1.0" encoding="UTF-8"?>
<!-- Generated by org.testng.reporters.JUnitReportReporter -->
<testsuite hostname="Abhilash" failures="0" tests="1" name="AmztestCASES.AZTC_07ProductDetailsValidatation" time="21.711" errors="0" timestamp="2024-09-24T12:36:52 IST" skipped="0">
  <testcase classname="AmztestCASES.AZTC_07ProductDetailsValidatation" name="PDetails" time="21.711"/>
  <system-out>
    <![CDATA[TestCASE is Passed]]>
  </system-out>
</testsuite> <!-- AmztestCASES.AZTC_07ProductDetailsValidatation -->
