<?xml version="1.0" encoding="UTF-8"?>
<!-- Generated by org.testng.reporters.JUnitReportReporter -->
<testsuite hostname="Abhilash" failures="0" tests="2" name="utility_package.DataDrivenTesting" time="1.023" errors="0" timestamp="2024-09-17T09:53:11 IST" skipped="0">
  <testcase classname="utility_package.DataDrivenTesting" name="DTT" time="0.965"/>
  <system-out/>
  <testcase classname="utility_package.DataDrivenTesting" name="DTT01" time="0.058"/>
  <system-out/>
</testsuite> <!-- utility_package.DataDrivenTesting -->
