<?xml version="1.0" encoding="UTF-8"?>
<!-- Generated by org.testng.reporters.JUnitReportReporter -->
<testsuite hostname="Abhilash" failures="0" tests="1" name="AmztestCASES.AZTC_09ProductAddingCart" time="41.181" errors="0" timestamp="2024-09-24T12:38:38 IST" skipped="0">
  <testcase classname="AmztestCASES.AZTC_09ProductAddingCart" name="Productpage" time="41.181"/>
  <system-out>
    <![CDATA[TestCASE is Passed]]>
  </system-out>
</testsuite> <!-- AmztestCASES.AZTC_09ProductAddingCart -->
