<?xml version="1.0" encoding="UTF-8"?>
<!-- Generated by org.testng.reporters.JUnitReportReporter -->
<testsuite hostname="Abhilash" failures="0" tests="2" name="AmztestCASES.AZTC_02LoginCorrectCredientials" time="99.485" errors="0" timestamp="2024-09-24T11:35:36 IST" skipped="1">
  <testcase classname="AmztestCASES.AZTC_02LoginCorrectCredientials" name="test1" time="49.150"/>
  <system-out>
    <![CDATA[TestCASE is Passed]]>
  </system-out>
  <testcase classname="AmztestCASES.AZTC_02LoginCorrectCredientials" name="test1" time="50.335">
    <skipped/>
  </testcase> <!-- test1 -->
  <system-out/>
</testsuite> <!-- AmztestCASES.AZTC_02LoginCorrectCredientials -->
