<?xml version="1.0" encoding="UTF-8"?>
<!-- Generated by org.testng.reporters.JUnitReportReporter -->
<testsuite hostname="Abhilash" failures="0" tests="3" name="AmztestCASES.AmazonParallelBrowsingTesting" time="133.976" errors="0" timestamp="2024-09-17T12:20:35 IST" skipped="0">
  <testcase classname="AmztestCASES.AmazonParallelBrowsingTesting" name="AirLineParallelTesting" time="48.484"/>
  <system-out/>
  <testcase classname="AmztestCASES.AmazonParallelBrowsingTesting" name="AirLineParallelTesting" time="46.014"/>
  <system-out/>
  <testcase classname="AmztestCASES.AmazonParallelBrowsingTesting" name="AirLineParallelTesting" time="39.478"/>
  <system-out/>
</testsuite> <!-- AmztestCASES.AmazonParallelBrowsingTesting -->
