<?xml version="1.0" encoding="UTF-8"?>
<!-- Generated by org.testng.reporters.JUnitReportReporter -->
<testsuite hostname="Abhilash" failures="0" tests="1" name="AmztestCASES.AZTC_11ValidateCheckoutProcesss" time="24.057" errors="0" timestamp="2024-09-24T12:43:51 IST" skipped="0">
  <testcase classname="AmztestCASES.AZTC_11ValidateCheckoutProcesss" name="Validate" time="24.057"/>
  <system-out>
    <![CDATA[TestCASE is Passed]]>
  </system-out>
</testsuite> <!-- AmztestCASES.AZTC_11ValidateCheckoutProcesss -->
