<?xml version="1.0" encoding="UTF-8"?>
<!-- Generated by org.testng.reporters.JUnitReportReporter -->
<testsuite hostname="Abhilash" failures="0" tests="1" name="AmztestCASES.AZTC15_ReachCart" time="23.903" errors="0" timestamp="2024-09-07T18:42:12 IST" skipped="0">
  <testcase classname="AmztestCASES.AZTC15_ReachCart" name="ReachCart" time="23.903"/>
  <system-out>
    <![CDATA[TestCASE is Passed]]>
  </system-out>
</testsuite> <!-- AmztestCASES.AZTC15_ReachCart -->
