<?xml version="1.0" encoding="UTF-8"?>
<!-- Generated by org.testng.reporters.JUnitReportReporter -->
<testsuite hostname="Abhilash" failures="0" tests="1" name="AmztestCASES.AmzTestCase01" time="99.948" errors="0" timestamp="2024-09-02T17:57:25 IST" skipped="0">
  <testcase classname="AmztestCASES.AmzTestCase01" name="test1" time="99.948"/>
  <system-out>
    <![CDATA[TestCASE is Passed]]>
  </system-out>
</testsuite> <!-- AmztestCASES.AmzTestCase01 -->
