<?xml version="1.0" encoding="UTF-8"?>
<!-- Generated by org.testng.reporters.JUnitReportReporter -->
<testsuite hostname="Abhilash" failures="0" tests="1" name="AmztestCASES.AmzLaunchQuit" time="6.992" errors="0" timestamp="2024-09-02T12:47:04 IST" skipped="0">
  <testcase classname="AmztestCASES.AmzLaunchQuit" name="AmzLaunch" time="6.992"/>
  <system-out/>
</testsuite> <!-- AmztestCASES.AmzLaunchQuit -->
